src/components/CSVImportWizard.tsx(623,65): error TS2531: Object is possibly 'null'.
src/components/RecurringTransactionModal.tsx(52,11): error TS2353: Object literal may only specify known properties, and 'nextDate' does not exist in type 'Omit<RecurringTransaction, "id" | "nextDate">'.
src/components/TransactionRow.tsx(212,17): error TS2322: Type '(e: React.MouseEvent) => void' is not assignable to type '(e?: MouseEvent<HTMLButtonElement, MouseEvent> | undefined) => void'.
src/components/TransactionRow.tsx(220,17): error TS2322: Type '(e: React.MouseEvent) => void' is not assignable to type '(e?: MouseEvent<HTMLButtonElement, MouseEvent> | undefined) => void'.
src/components/VirtualizedList.tsx(154,18): error TS2769: No overload matches this call.
src/components/VirtualizedList.tsx(185,18): error TS2769: No overload matches this call.
src/components/widgets/InvestmentEnhancementWidget.tsx(93,10): error TS18048: 'investments' is possibly 'undefined'.
src/components/widgets/InvestmentEnhancementWidget.tsx(95,14): error TS18048: 'investments' is possibly 'undefined'.
src/components/widgets/InvestmentEnhancementWidget.tsx(102,10): error TS18048: 'investments' is possibly 'undefined'.
src/components/widgets/InvestmentSummaryWidget.tsx(33,5): error TS18048: 'investments' is possibly 'undefined'.
src/components/widgets/MonthlySummaryWidget.tsx(2,15): error TS2614: Module '"../DashboardWidget"' has no exported member 'WidgetProps'. Did you mean to use 'import WidgetProps from "../DashboardWidget"' instead?
src/components/widgets/WeeklySummaryWidget.tsx(2,15): error TS2614: Module '"../DashboardWidget"' has no exported member 'WidgetProps'. Did you mean to use 'import WidgetProps from "../DashboardWidget"' instead?
src/contexts/AppContext.tsx(619,13): error TS2353: Object literal may only specify known properties, and 'recurringTransactionId' does not exist in type 'Transaction'.
src/contexts/CombinedProvider.tsx(27,28): error TS2322: Type 'import("/Users/stevegreen/wealthtracker-web/src/types/index").Account[]' is not assignable to type 'Account[]'.
src/contexts/PreferencesContextSafe.tsx(68,34): error TS2322: Type '{ compactView: boolean; setCompactView: React.Dispatch<React.SetStateAction<boolean>>; currency: string; setCurrency: React.Dispatch<React.SetStateAction<string>>; ... 12 more ...; setShowAnalytics: React.Dispatch<...>; }' is not assignable to type 'PreferencesContextType'.
src/data/defaultTestData.ts(191,5): error TS2739: Type '{ id: string; accountId: string; symbol: string; name: string; quantity: number; purchasePrice: number; purchaseDate: Date; currentPrice: number; lastUpdated: Date; }' is missing the following properties from type 'Investment': currentValue, averageCost, createdAt
src/data/defaultTestData.ts(202,5): error TS2739: Type '{ id: string; accountId: string; symbol: string; name: string; quantity: number; purchasePrice: number; purchaseDate: Date; currentPrice: number; lastUpdated: Date; }' is missing the following properties from type 'Investment': currentValue, averageCost, createdAt
src/data/defaultTestData.ts(213,5): error TS2739: Type '{ id: string; accountId: string; symbol: string; name: string; quantity: number; purchasePrice: number; purchaseDate: Date; currentPrice: number; lastUpdated: Date; }' is missing the following properties from type 'Investment': currentValue, averageCost, createdAt
src/data/defaultTestData.ts(224,5): error TS2739: Type '{ id: string; accountId: string; symbol: string; name: string; quantity: number; purchasePrice: number; purchaseDate: Date; currentPrice: number; lastUpdated: Date; }' is missing the following properties from type 'Investment': currentValue, averageCost, createdAt
src/data/defaultTestData.ts(237,5): error TS2739: Type '{ id: string; accountId: string; symbol: string; name: string; quantity: number; purchasePrice: number; purchaseDate: Date; currentPrice: number; lastUpdated: Date; }' is missing the following properties from type 'Investment': currentValue, averageCost, createdAt
src/data/defaultTestData.ts(248,5): error TS2739: Type '{ id: string; accountId: string; symbol: string; name: string; quantity: number; purchasePrice: number; purchaseDate: Date; currentPrice: number; lastUpdated: Date; }' is missing the following properties from type 'Investment': currentValue, averageCost, createdAt
src/data/defaultTestData.ts(259,5): error TS2739: Type '{ id: string; accountId: string; symbol: string; name: string; quantity: number; purchasePrice: number; purchaseDate: Date; currentPrice: number; lastUpdated: Date; }' is missing the following properties from type 'Investment': currentValue, averageCost, createdAt
src/data/defaultTestData.ts(270,5): error TS2739: Type '{ id: string; accountId: string; symbol: string; name: string; quantity: number; purchasePrice: number; purchaseDate: Date; currentPrice: number; lastUpdated: Date; }' is missing the following properties from type 'Investment': currentValue, averageCost, createdAt
src/data/defaultTestData.ts(283,5): error TS2739: Type '{ id: string; accountId: string; symbol: string; name: string; quantity: number; purchasePrice: number; purchaseDate: Date; currentPrice: number; lastUpdated: Date; }' is missing the following properties from type 'Investment': currentValue, averageCost, createdAt
src/data/defaultTestData.ts(294,5): error TS2739: Type '{ id: string; accountId: string; symbol: string; name: string; quantity: number; purchasePrice: number; purchaseDate: Date; currentPrice: number; lastUpdated: Date; }' is missing the following properties from type 'Investment': currentValue, averageCost, createdAt
src/data/defaultTestData.ts(305,5): error TS2739: Type '{ id: string; accountId: string; symbol: string; name: string; quantity: number; purchasePrice: number; purchaseDate: Date; currentPrice: number; lastUpdated: Date; }' is missing the following properties from type 'Investment': currentValue, averageCost, createdAt
src/data/defaultTestData.ts(546,7): error TS2353: Object literal may only specify known properties, and 'category' does not exist in type 'Goal'.
src/data/defaultTestData.ts(555,7): error TS2353: Object literal may only specify known properties, and 'category' does not exist in type 'Goal'.
src/data/newTestData.ts(14,10): error TS2393: Duplicate function implementation.
src/data/newTestData.ts(191,5): error TS2739: Type '{ id: string; accountId: string; symbol: string; name: string; quantity: number; purchasePrice: number; purchaseDate: Date; currentPrice: number; lastUpdated: Date; }' is missing the following properties from type 'Investment': currentValue, averageCost, createdAt
src/data/newTestData.ts(202,5): error TS2739: Type '{ id: string; accountId: string; symbol: string; name: string; quantity: number; purchasePrice: number; purchaseDate: Date; currentPrice: number; lastUpdated: Date; }' is missing the following properties from type 'Investment': currentValue, averageCost, createdAt
src/data/newTestData.ts(213,5): error TS2739: Type '{ id: string; accountId: string; symbol: string; name: string; quantity: number; purchasePrice: number; purchaseDate: Date; currentPrice: number; lastUpdated: Date; }' is missing the following properties from type 'Investment': currentValue, averageCost, createdAt
src/data/newTestData.ts(224,5): error TS2739: Type '{ id: string; accountId: string; symbol: string; name: string; quantity: number; purchasePrice: number; purchaseDate: Date; currentPrice: number; lastUpdated: Date; }' is missing the following properties from type 'Investment': currentValue, averageCost, createdAt
src/data/newTestData.ts(237,5): error TS2739: Type '{ id: string; accountId: string; symbol: string; name: string; quantity: number; purchasePrice: number; purchaseDate: Date; currentPrice: number; lastUpdated: Date; }' is missing the following properties from type 'Investment': currentValue, averageCost, createdAt
src/data/newTestData.ts(248,5): error TS2739: Type '{ id: string; accountId: string; symbol: string; name: string; quantity: number; purchasePrice: number; purchaseDate: Date; currentPrice: number; lastUpdated: Date; }' is missing the following properties from type 'Investment': currentValue, averageCost, createdAt
src/data/newTestData.ts(259,5): error TS2739: Type '{ id: string; accountId: string; symbol: string; name: string; quantity: number; purchasePrice: number; purchaseDate: Date; currentPrice: number; lastUpdated: Date; }' is missing the following properties from type 'Investment': currentValue, averageCost, createdAt
src/data/newTestData.ts(270,5): error TS2739: Type '{ id: string; accountId: string; symbol: string; name: string; quantity: number; purchasePrice: number; purchaseDate: Date; currentPrice: number; lastUpdated: Date; }' is missing the following properties from type 'Investment': currentValue, averageCost, createdAt
src/data/newTestData.ts(283,5): error TS2739: Type '{ id: string; accountId: string; symbol: string; name: string; quantity: number; purchasePrice: number; purchaseDate: Date; currentPrice: number; lastUpdated: Date; }' is missing the following properties from type 'Investment': currentValue, averageCost, createdAt
src/data/newTestData.ts(294,5): error TS2739: Type '{ id: string; accountId: string; symbol: string; name: string; quantity: number; purchasePrice: number; purchaseDate: Date; currentPrice: number; lastUpdated: Date; }' is missing the following properties from type 'Investment': currentValue, averageCost, createdAt
src/data/newTestData.ts(305,5): error TS2739: Type '{ id: string; accountId: string; symbol: string; name: string; quantity: number; purchasePrice: number; purchaseDate: Date; currentPrice: number; lastUpdated: Date; }' is missing the following properties from type 'Investment': currentValue, averageCost, createdAt
src/data/newTestData.ts(320,10): error TS2393: Duplicate function implementation.
src/data/newTestData.ts(557,7): error TS2353: Object literal may only specify known properties, and 'category' does not exist in type 'Goal'.
src/data/newTestData.ts(566,7): error TS2353: Object literal may only specify known properties, and 'category' does not exist in type 'Goal'.
src/hooks/useAdvancedSearch.ts(163,7): error TS18048: 'a.institution' is possibly 'undefined'.
src/hooks/useFormattedValues.ts(25,24): error TS2345: Argument of type 'string | undefined' is not assignable to parameter of type 'string'.
src/hooks/useFormattedValues.ts(39,45): error TS2554: Expected 1-2 arguments, but got 3.
src/hooks/useFormattedValues.ts(86,67): error TS2554: Expected 1-2 arguments, but got 3.
src/hooks/useStockPrices.ts(44,11): error TS2322: Type 'Decimal' is not assignable to type 'number'.
src/hooks/useStockPrices.ts(46,11): error TS2322: Type 'Decimal' is not assignable to type 'number'.
src/hooks/useStockPrices.ts(47,11): error TS2322: Type 'Decimal' is not assignable to type 'number'.
