apps/web/src/contexts/AppContextSupabaseProvider.tsx(268,13): error TS2304: Cannot find name 'clerkId'.
apps/web/src/contexts/AppContextSupabaseProvider.tsx(281,80): error TS2304: Cannot find name 'clerkId'.
packages/testing/supabaseRealTest.ts(15,14): error TS2739: Type '(title: string, factory: () => void) => void' is missing the following properties from type 'typeof describe': skip, only
